<?xml version="1.0" encoding="UTF-8"?>
<!-- Generated by org.testng.reporters.JUnitXMLReporter -->
<testsuite hostname="BDC11-L-JVXCNN2" ignored="0" name="ChromeTest" tests="4" failures="0" timestamp="24 Oct 2018 06:12:06 GMT" time="93.331" errors="0">
  <testcase name="TestLogin" time="23.4" classname="BP.SISP.Portal.PortalTests.TC001_CheckSuppliersInvoiceStatus"/>
  <testcase name="TestLogin" time="24.438" classname="BP.SISP.Portal.PortalTests.TC002_CheckRefrenceMaterials"/>
  <testcase name="SearchInvoice" time="8.266" classname="BP.SISP.Portal.PortalTests.TC001_CheckSuppliersInvoiceStatus"/>
  <testcase name="ClickOnReferenceMaterial" time="3.443" classname="BP.SISP.Portal.PortalTests.TC002_CheckRefrenceMaterials"/>
</testsuite> <!-- ChromeTest -->
