<?xml version="1.0" encoding="UTF-8"?>
<!-- Generated by org.testng.reporters.JUnitXMLReporter -->
<testsuite hostname="BDC11-L-JVXCNN2" ignored="0" name="FirefoxTest" tests="2" failures="1" timestamp="22 Oct 2018 10:03:43 GMT" time="144.156" errors="0">
  <testcase name="TestLogin" time="24.382" classname="BP.SISP.Portal.PortalTests.TC002_CheckRefrenceMaterials"/>
  <testcase name="ClickOnReferenceMaterial" time="98.484" classname="BP.SISP.Portal.PortalTests.TC002_CheckRefrenceMaterials">
    <failure type="org.openqa.selenium.UnsupportedCommandException" message="The test with session id cd18fd494cb94fa9a2dc4f531ee68fe9 has already finished, and can&amp;apos;t receive further commands.
You can learn more at https://saucelabs.com/jobs/cd18fd494cb94fa9a2dc4f531ee68fe9
For help, please check https://wiki.saucelabs.com/display/DOCS/Common+Error+Messages
Command duration or timeout: 281 milliseconds
Build info: version: &amp;apos;3.14.0&amp;apos;, revision: &amp;apos;aacccce0&amp;apos;, time: &amp;apos;2018-08-02T20:05:20.749Z&amp;apos;
System info: host: &amp;apos;BDC11-L-JVXCNN2&amp;apos;, ip: &amp;apos;192.168.0.104&amp;apos;, os.name: &amp;apos;Windows 10&amp;apos;, os.arch: &amp;apos;amd64&amp;apos;, os.version: &amp;apos;10.0&amp;apos;, java.version: &amp;apos;1.8.0_171&amp;apos;
Driver info: org.openqa.selenium.remote.RemoteWebDriver
Capabilities {acceptInsecureCerts: false, browserName: firefox, browserVersion: 62.0, cssSelectorsEnabled: true, hasMetadata: true, javascriptEnabled: true, moz:accessibilityChecks: false, moz:headless: false, moz:processID: 3000, moz:profile: C:\Users\Administrator\AppD..., moz:useNonSpecCompliantPointerOrigin: false, moz:webdriverClick: true, pageLoadStrategy: normal, platform: ANY, platformName: ANY, platformVersion: 10.0, rotatable: false, takesScreenshot: true, timeouts: {implicit: 0, pageLoad: 300000, script: 30000}, webdriver.remote.sessionid: cd18fd494cb94fa9a2dc4f531ee...}
Session ID: cd18fd494cb94fa9a2dc4f531ee68fe9">
      <![CDATA[org.openqa.selenium.UnsupportedCommandException: The test with session id cd18fd494cb94fa9a2dc4f531ee68fe9 has already finished, and can't receive further commands.
You can learn more at https://saucelabs.com/jobs/cd18fd494cb94fa9a2dc4f531ee68fe9
For help, please check https://wiki.saucelabs.com/display/DOCS/Common+Error+Messages
Command duration or timeout: 281 milliseconds
Build info: version: '3.14.0', revision: 'aacccce0', time: '2018-08-02T20:05:20.749Z'
System info: host: 'BDC11-L-JVXCNN2', ip: '192.168.0.104', os.name: 'Windows 10', os.arch: 'amd64', os.version: '10.0', java.version: '1.8.0_171'
Driver info: org.openqa.selenium.remote.RemoteWebDriver
Capabilities {acceptInsecureCerts: false, browserName: firefox, browserVersion: 62.0, cssSelectorsEnabled: true, hasMetadata: true, javascriptEnabled: true, moz:accessibilityChecks: false, moz:headless: false, moz:processID: 3000, moz:profile: C:\Users\Administrator\AppD..., moz:useNonSpecCompliantPointerOrigin: false, moz:webdriverClick: true, pageLoadStrategy: normal, platform: ANY, platformName: ANY, platformVersion: 10.0, rotatable: false, takesScreenshot: true, timeouts: {implicit: 0, pageLoad: 300000, script: 30000}, webdriver.remote.sessionid: cd18fd494cb94fa9a2dc4f531ee...}
Session ID: cd18fd494cb94fa9a2dc4f531ee68fe9
at org.openqa.selenium.remote.ErrorHandler.createThrowable(ErrorHandler.java:214)
at org.openqa.selenium.remote.ErrorHandler.throwIfResponseFailed(ErrorHandler.java:166)
at org.openqa.selenium.remote.RemoteWebDriver.execute(RemoteWebDriver.java:582)
at org.openqa.selenium.remote.RemoteWebDriver.execute(RemoteWebDriver.java:605)
at org.openqa.selenium.remote.RemoteWebDriver.getWindowHandles(RemoteWebDriver.java:456)
at BP.SISP.Portal.PortalPages.ReferenceMaterialPage.ClickOnDocuments(ReferenceMaterialPage.java:56)
at BP.SISP.Portal.PortalTests.TC002_CheckRefrenceMaterials.ClickOnReferenceMaterial(TC002_CheckRefrenceMaterials.java:103)
at java.util.concurrent.FutureTask.run(Unknown Source)
at java.util.concurrent.ThreadPoolExecutor.runWorker(Unknown Source)
at java.util.concurrent.ThreadPoolExecutor$Worker.run(Unknown Source)
at java.lang.Thread.run(Unknown Source)
... Removed 20 stack frames]]>
    </failure>
  </testcase> <!-- ClickOnReferenceMaterial -->
</testsuite> <!-- FirefoxTest -->
