<?xml version="1.0" encoding="UTF-8"?>
<!-- Generated by org.testng.reporters.JUnitXMLReporter -->
<testsuite hostname="BDC11-L-JVXCNN2" ignored="0" name="Firefox" tests="4" failures="1" timestamp="17 Oct 2018 05:00:35 GMT" time="165.421" errors="0">
  <testcase name="TestLogin" time="35.488" classname="Portal_Tests.TC001_GenerateStatement"/>
  <testcase name="CheckBillingSection" time="21.655" classname="Portal_Tests.TC001_GenerateStatement">
    <failure type="java.lang.AssertionError" message="expected [Statements] but found [Billing]">
      <![CDATA[java.lang.AssertionError: expected [Statements] but found [Billing]
at Portal_Pages.BillingPage.ToggleScreen(BillingPage.java:84)
at Portal_Tests.TC001_GenerateStatement.CheckBillingSection(TC001_GenerateStatement.java:104)
at java.util.concurrent.FutureTask.run(Unknown Source)
at java.util.concurrent.ThreadPoolExecutor.runWorker(Unknown Source)
at java.util.concurrent.ThreadPoolExecutor$Worker.run(Unknown Source)
at java.lang.Thread.run(Unknown Source)
... Removed 22 stack frames]]>
    </failure>
  </testcase> <!-- CheckBillingSection -->
  <testcase name="GenerateStatement" time="59.976" classname="Portal_Tests.TC001_GenerateStatement"/>
  <testcase name="ClosingBrowser" time="22.884" classname="Portal_Tests.TC001_GenerateStatement"/>
</testsuite> <!-- Firefox -->
