<?xml version="1.0" encoding="UTF-8"?>
<!-- Generated by org.testng.reporters.JUnitXMLReporter -->
<testsuite hostname="BDC11-L-JVXCNN2" ignored="0" name="TC006_CheckSuppliersInvoiceStatus" tests="2" failures="0" timestamp="31 Oct 2018 06:07:10 GMT" time="142.641" errors="0">
  <testcase name="TestLogin" time="23.051" classname="BP.SISP.Portal.PortalTests.TC006_CheckSuppliersInvoiceStatus"/>
  <testcase name="SearchInvoice" time="6.605" classname="BP.SISP.Portal.PortalTests.TC006_CheckSuppliersInvoiceStatus"/>
</testsuite> <!-- TC006_CheckSuppliersInvoiceStatus -->
