<?xml version="1.0" encoding="UTF-8"?>
<!-- Generated by org.testng.reporters.JUnitXMLReporter -->
<testsuite hostname="BDC11-L-JVXCNN2" ignored="0" name="TC007_ForgotPassword" tests="3" failures="0" timestamp="31 Oct 2018 06:08:26 GMT" time="117.813" errors="0">
  <testcase name="WelcomePage" time="8.396" classname="BP.SISP.Portal.PortalTests.TC007_ForgotPassword"/>
  <testcase name="ForgotPassword" time="2.312" classname="BP.SISP.Portal.PortalTests.TC007_ForgotPassword"/>
  <testcase name="ResetLoginDetails" time="4.73" classname="BP.SISP.Portal.PortalTests.TC007_ForgotPassword"/>
</testsuite> <!-- TC007_ForgotPassword -->
