<?xml version="1.0" encoding="UTF-8"?>
<!-- Generated by org.testng.reporters.JUnitXMLReporter -->
<testsuite hostname="BDC11-L-JVXCNN2" ignored="0" name="TC008_RegistrationScenario" tests="4" failures="0" timestamp="31 Oct 2018 06:09:20 GMT" time="129.991" errors="0">
  <testcase name="WelcomePage" time="7.572" classname="BP.SISP.Portal.PortalTests.TC008_RegistrationScenario"/>
  <testcase name="Register" time="2.199" classname="BP.SISP.Portal.PortalTests.TC008_RegistrationScenario"/>
  <testcase name="LegalNoticeTab" time="8.177" classname="BP.SISP.Portal.PortalTests.TC008_RegistrationScenario"/>
  <testcase name="SupplierRegistration" time="7.714" classname="BP.SISP.Portal.PortalTests.TC008_RegistrationScenario"/>
</testsuite> <!-- TC008_RegistrationScenario -->
