<?xml version="1.0" encoding="UTF-8"?>
<!-- Generated by org.testng.reporters.JUnitXMLReporter -->
<testsuite hostname="BDC11-L-JVXCNN2" ignored="0" name="TC002_CheckRefrenceMaterials" tests="2" failures="0" timestamp="31 Oct 2018 05:59:56 GMT" time="53.068" errors="0">
  <testcase name="TestLogin" time="29.954" classname="BP.SISP.Portal.PortalTests.TC002_CheckRefrenceMaterials"/>
  <testcase name="ClickOnReferenceMaterial" time="3.514" classname="BP.SISP.Portal.PortalTests.TC002_CheckRefrenceMaterials"/>
</testsuite> <!-- TC002_CheckRefrenceMaterials -->
