<?xml version="1.0" encoding="UTF-8"?>
<!-- Generated by org.testng.reporters.JUnitXMLReporter -->
<testsuite hostname="BDC11-L-JVXCNN2" ignored="0" name="TC005_NavigateToSettingsAndCheckMenus" tests="2" failures="0" timestamp="31 Oct 2018 06:04:46 GMT" time="147.938" errors="0">
  <testcase name="TestLogin" time="26.456" classname="BP.SISP.Portal.PortalTests.TC005_NavigateToSettingsAndCheckMenus"/>
  <testcase name="CheckSettingsPage" time="15.689" classname="BP.SISP.Portal.PortalTests.TC005_NavigateToSettingsAndCheckMenus"/>
</testsuite> <!-- TC005_NavigateToSettingsAndCheckMenus -->
