<?xml version="1.0" encoding="UTF-8"?>
<!-- Generated by org.testng.reporters.JUnitXMLReporter -->
<testsuite hostname="BDC11-L-JVXCNN2" ignored="0" name="TC001_CheckSuppliersInvoiceStatus" tests="2" failures="0" timestamp="24 Oct 2018 06:30:18 GMT" time="74.5" errors="0">
  <testcase name="TestLogin" time="45.06" classname="BP.SISP.Portal.PortalTests.TC001_CheckSuppliersInvoiceStatus"/>
  <testcase name="SearchInvoice" time="8.857" classname="BP.SISP.Portal.PortalTests.TC001_CheckSuppliersInvoiceStatus"/>
</testsuite> <!-- TC001_CheckSuppliersInvoiceStatus -->
