<?xml version="1.0" encoding="UTF-8"?>
<!-- Generated by org.testng.reporters.JUnitXMLReporter -->
<testsuite hostname="BDC11-L-JVXCNN2" ignored="0" name="TC003_RequestAdditionalVenderNumber" tests="2" failures="0" timestamp="31 Oct 2018 06:02:18 GMT" time="143.034" errors="0">
  <testcase name="TestLogin" time="29.223" classname="BP.SISP.Portal.PortalTests.TC003_RequestAdditionalVenderNumber"/>
  <testcase name="ClickOnRequestAdditionalInfo" time="9.371" classname="BP.SISP.Portal.PortalTests.TC003_RequestAdditionalVenderNumber"/>
</testsuite> <!-- TC003_RequestAdditionalVenderNumber -->
